2024-06-28 15:49:21 INFO  o.h.validator.internal.util.Version - HV000001: Hibernate Validator 8.0.1.Final
2024-06-28 15:49:21 INFO  J.JavaCommunityBoardApplication - Starting JavaCommunityBoardApplication using Java 17.0.11 with PID 36408 (C:\Users\nayou\OneDrive\Desktop\Spring\JavaComunityBoard\build\classes\java\main started by nayou in C:\Users\nayou\OneDrive\Desktop\Spring\JavaComunityBoard)
2024-06-28 15:49:21 INFO  J.JavaCommunityBoardApplication - No active profile set, falling back to 1 default profile: "default"
2024-06-28 15:49:21 INFO  o.s.b.d.e.DevToolsPropertyDefaultsPostProcessor - Devtools property defaults active! Set 'spring.devtools.add-properties' to 'false' to disable
2024-06-28 15:49:21 INFO  o.s.b.d.e.DevToolsPropertyDefaultsPostProcessor - For additional web related logging consider setting the 'logging.level.web' property to 'DEBUG'
2024-06-28 15:49:22 INFO  o.s.d.r.c.RepositoryConfigurationDelegate - Bootstrapping Spring Data JPA repositories in DEFAULT mode.
2024-06-28 15:49:22 INFO  o.s.d.r.c.RepositoryConfigurationDelegate - Finished Spring Data repository scanning in 82 ms. Found 2 JPA repository interfaces.
2024-06-28 15:49:23 INFO  o.s.b.w.e.tomcat.TomcatWebServer - Tomcat initialized with port 8080 (http)
2024-06-28 15:49:23 INFO  o.a.coyote.http11.Http11NioProtocol - Initializing ProtocolHandler ["http-nio-8080"]
2024-06-28 15:49:23 INFO  o.a.catalina.core.StandardService - Starting service [Tomcat]
2024-06-28 15:49:23 INFO  o.a.catalina.core.StandardEngine - Starting Servlet engine: [Apache Tomcat/10.1.25]
2024-06-28 15:49:23 INFO  o.a.c.c.C.[Tomcat].[localhost].[/] - Initializing Spring embedded WebApplicationContext
2024-06-28 15:49:23 INFO  o.s.b.w.s.c.ServletWebServerApplicationContext - Root WebApplicationContext: initialization completed in 2453 ms
2024-06-28 15:49:23 INFO  o.h.jpa.internal.util.LogHelper - HHH000204: Processing PersistenceUnitInfo [name: default]
2024-06-28 15:49:24 INFO  org.hibernate.Version - HHH000412: Hibernate ORM core version 6.5.2.Final
2024-06-28 15:49:24 INFO  o.h.c.i.RegionFactoryInitiator - HHH000026: Second-level cache disabled
2024-06-28 15:49:24 INFO  o.s.o.j.p.SpringPersistenceUnitInfo - No LoadTimeWeaver setup: ignoring JPA class transformer
2024-06-28 15:49:24 INFO  com.zaxxer.hikari.HikariDataSource - HikariPool-1 - Starting...
2024-06-28 15:49:24 INFO  com.zaxxer.hikari.pool.HikariPool - HikariPool-1 - Added connection com.mysql.cj.jdbc.ConnectionImpl@2a85b0ee
2024-06-28 15:49:24 INFO  com.zaxxer.hikari.HikariDataSource - HikariPool-1 - Start completed.
2024-06-28 15:49:24 WARN  org.hibernate.orm.deprecation - HHH90000025: MySQL8Dialect does not need to be specified explicitly using 'hibernate.dialect' (remove the property setting and it will be selected by default)
2024-06-28 15:49:24 WARN  org.hibernate.orm.deprecation - HHH90000026: MySQL8Dialect has been deprecated; use org.hibernate.dialect.MySQLDialect instead
2024-06-28 15:49:25 INFO  o.h.e.t.j.p.i.JtaPlatformInitiator - HHH000489: No JTA platform available (set 'hibernate.transaction.jta.platform' to enable JTA platform integration)
2024-06-28 15:49:26 INFO  o.s.o.j.LocalContainerEntityManagerFactoryBean - Initialized JPA EntityManagerFactory for persistence unit 'default'
2024-06-28 15:49:26 WARN  o.s.b.w.s.c.AnnotationConfigServletWebServerApplicationContext - Exception encountered during context initialization - cancelling refresh attempt: org.springframework.beans.factory.UnsatisfiedDependencyException: Error creating bean with name 'memberController' defined in file [C:\Users\nayou\OneDrive\Desktop\Spring\JavaComunityBoard\build\classes\java\main\JavaCommunityBoard\Controller\Member\MemberController.class]: Unsatisfied dependency expressed through constructor parameter 0: Error creating bean with name 'memberService' defined in file [C:\Users\nayou\OneDrive\Desktop\Spring\JavaComunityBoard\build\classes\java\main\JavaCommunityBoard\Service\Member\MemberService.class]: Unsatisfied dependency expressed through constructor parameter 5: No qualifying bean of type 'ch.qos.logback.classic.Logger' available: expected at least 1 bean which qualifies as autowire candidate. Dependency annotations: {}
2024-06-28 15:49:26 INFO  o.s.o.j.LocalContainerEntityManagerFactoryBean - Closing JPA EntityManagerFactory for persistence unit 'default'
2024-06-28 15:49:26 INFO  com.zaxxer.hikari.HikariDataSource - HikariPool-1 - Shutdown initiated...
2024-06-28 15:49:26 INFO  com.zaxxer.hikari.HikariDataSource - HikariPool-1 - Shutdown completed.
2024-06-28 15:49:26 INFO  o.a.catalina.core.StandardService - Stopping service [Tomcat]
2024-06-28 15:49:26 INFO  o.s.b.a.l.ConditionEvaluationReportLogger - 

Error starting ApplicationContext. To display the condition evaluation report re-run your application with 'debug' enabled.
2024-06-28 15:49:26 ERROR o.s.b.d.LoggingFailureAnalysisReporter - 

***************************
APPLICATION FAILED TO START
***************************

Description:

Parameter 5 of constructor in JavaCommunityBoard.Service.Member.MemberService required a bean of type 'ch.qos.logback.classic.Logger' that could not be found.


Action:

Consider defining a bean of type 'ch.qos.logback.classic.Logger' in your configuration.

